<?xml version="1.0" encoding="utf-8"?>
<TestRun id="df7e46e3-89e9-45ab-b1e6-6262bfcb5327" name="quinn@M5 2026-09-07 16:56:58" runUser="M5\quinn" xmlns="http://microsoft.com/schemas/VisualStudio/TeamTest/2010">
  <Times creation="2026-09-07T16:56:58.6157424-04:00" queuing="2026-09-07T16:56:58.6157426-04:00" start="2026-09-07T16:56:55.6772630-04:00" finish="2026-09-07T16:56:58.6204401-04:00" />
  <TestSettings name="default" id="67d5a9a3-3777-446c-82f9-50d0564b3d31">
    <Deployment runDeploymentRoot="quinn_M5_2026-09-07_16_56_58" />
  </TestSettings>
  <Results>
    <UnitTestResult executionId="9d6a3f97-1cb0-4adc-883d-e08f23fde8db" testId="9871b998-41e8-8ec9-3030-a1e8e3e99ead" testName="QuinntyneBrownStudio.AcceptanceTests.ReckonerAccessTests.GivenServerCredentialsWhenExchangingThenOnlyAValidShortLivedTokenReachesTheBrowser(mode: &quot;valid&quot;, expected: Created)" computerName="M5" duration="00:00:00.0459185" startTime="2026-09-07T16:56:58.3212653-04:00" endTime="2026-09-07T16:56:58.3671211-04:00" testType="13cdc9d9-ddb5-4fa4-a97d-d965ccfc6d4b" outcome="Failed" testListId="8c84fa94-04c1-424b-9868-57a2d4851a1d" relativeResultsDirectory="9d6a3f97-1cb0-4adc-883d-e08f23fde8db">
      <Output>
        <ErrorInfo>
          <Message>Assert.Equal() Failure: Values differ&#xD;
Expected: Created&#xD;
Actual:   NotFound</Message>
          <StackTrace>   at QuinntyneBrownStudio.AcceptanceTests.ReckonerAccessTests.GivenServerCredentialsWhenExchangingThenOnlyAValidShortLivedTokenReachesTheBrowser(String mode, HttpStatusCode expected) in C:\projects\quinntyne-brown-studio\backend\tests\QuinntyneBrownStudio.AcceptanceTests\ReckonerAccessTests.cs:line 49&#xD;
--- End of stack trace from previous location ---</StackTrace>
        </ErrorInfo>
      </Output>
    </UnitTestResult>
    <UnitTestResult executionId="41f12eae-c1f4-42bc-b604-7a514e628501" testId="68341765-c503-603b-9b81-43a5016181ba" testName="QuinntyneBrownStudio.AcceptanceTests.ReckonerAccessTests.GivenNoAdministratorWhenMintingThenAccessIsDenied(role: null, expected: Unauthorized)" computerName="M5" duration="00:00:00.0674247" startTime="2026-09-07T16:56:58.1356651-04:00" endTime="2026-09-07T16:56:58.1961157-04:00" testType="13cdc9d9-ddb5-4fa4-a97d-d965ccfc6d4b" outcome="Failed" testListId="8c84fa94-04c1-424b-9868-57a2d4851a1d" relativeResultsDirectory="41f12eae-c1f4-42bc-b604-7a514e628501">
      <Output>
        <ErrorInfo>
          <Message>Assert.Equal() Failure: Values differ&#xD;
Expected: Unauthorized&#xD;
Actual:   NotFound</Message>
          <StackTrace>   at QuinntyneBrownStudio.AcceptanceTests.ReckonerAccessTests.GivenNoAdministratorWhenMintingThenAccessIsDenied(String role, HttpStatusCode expected) in C:\projects\quinntyne-brown-studio\backend\tests\QuinntyneBrownStudio.AcceptanceTests\ReckonerAccessTests.cs:line 19&#xD;
--- End of stack trace from previous location ---</StackTrace>
        </ErrorInfo>
      </Output>
    </UnitTestResult>
    <UnitTestResult executionId="8118b07f-8901-4468-abe9-c0009a296ccf" testId="ed8a5187-c300-3811-5bab-3606418bd91a" testName="QuinntyneBrownStudio.AcceptanceTests.ReckonerAccessTests.GivenServerCredentialsWhenExchangingThenOnlyAValidShortLivedTokenReachesTheBrowser(mode: &quot;denied&quot;, expected: ServiceUnavailable)" computerName="M5" duration="00:00:00.0410352" startTime="2026-09-07T16:56:58.3676056-04:00" endTime="2026-09-07T16:56:58.4086102-04:00" testType="13cdc9d9-ddb5-4fa4-a97d-d965ccfc6d4b" outcome="Failed" testListId="8c84fa94-04c1-424b-9868-57a2d4851a1d" relativeResultsDirectory="8118b07f-8901-4468-abe9-c0009a296ccf">
      <Output>
        <ErrorInfo>
          <Message>Assert.Equal() Failure: Values differ&#xD;
Expected: ServiceUnavailable&#xD;
Actual:   NotFound</Message>
          <StackTrace>   at QuinntyneBrownStudio.AcceptanceTests.ReckonerAccessTests.GivenServerCredentialsWhenExchangingThenOnlyAValidShortLivedTokenReachesTheBrowser(String mode, HttpStatusCode expected) in C:\projects\quinntyne-brown-studio\backend\tests\QuinntyneBrownStudio.AcceptanceTests\ReckonerAccessTests.cs:line 49&#xD;
--- End of stack trace from previous location ---</StackTrace>
        </ErrorInfo>
      </Output>
    </UnitTestResult>
    <UnitTestResult executionId="f5373d3c-0df2-4347-9c4b-5d2f10678aad" testId="71957f47-80a7-6b37-5c75-a4e91a006da8" testName="QuinntyneBrownStudio.AcceptanceTests.ReckonerAccessTests.GivenServerCredentialsWhenExchangingThenOnlyAValidShortLivedTokenReachesTheBrowser(mode: &quot;expired&quot;, expected: ServiceUnavailable)" computerName="M5" duration="00:00:00.0812805" startTime="2026-09-07T16:56:58.4221011-04:00" endTime="2026-09-07T16:56:58.4904862-04:00" testType="13cdc9d9-ddb5-4fa4-a97d-d965ccfc6d4b" outcome="Failed" testListId="8c84fa94-04c1-424b-9868-57a2d4851a1d" relativeResultsDirectory="f5373d3c-0df2-4347-9c4b-5d2f10678aad">
      <Output>
        <ErrorInfo>
          <Message>Assert.Equal() Failure: Values differ&#xD;
Expected: ServiceUnavailable&#xD;
Actual:   NotFound</Message>
          <StackTrace>   at QuinntyneBrownStudio.AcceptanceTests.ReckonerAccessTests.GivenServerCredentialsWhenExchangingThenOnlyAValidShortLivedTokenReachesTheBrowser(String mode, HttpStatusCode expected) in C:\projects\quinntyne-brown-studio\backend\tests\QuinntyneBrownStudio.AcceptanceTests\ReckonerAccessTests.cs:line 49&#xD;
--- End of stack trace from previous location ---</StackTrace>
        </ErrorInfo>
      </Output>
    </UnitTestResult>
    <UnitTestResult executionId="028a871f-40a5-417b-bd83-f0da741102c9" testId="31011025-6add-8739-cc9b-247c7f00c11f" testName="QuinntyneBrownStudio.AcceptanceTests.ReckonerAccessTests.GivenServerCredentialsWhenExchangingThenOnlyAValidShortLivedTokenReachesTheBrowser(mode: &quot;malformed&quot;, expected: ServiceUnavailable)" computerName="M5" duration="00:00:00.0628716" startTime="2026-09-07T16:56:58.4910617-04:00" endTime="2026-09-07T16:56:58.5540957-04:00" testType="13cdc9d9-ddb5-4fa4-a97d-d965ccfc6d4b" outcome="Failed" testListId="8c84fa94-04c1-424b-9868-57a2d4851a1d" relativeResultsDirectory="028a871f-40a5-417b-bd83-f0da741102c9">
      <Output>
        <ErrorInfo>
          <Message>Assert.Equal() Failure: Values differ&#xD;
Expected: ServiceUnavailable&#xD;
Actual:   NotFound</Message>
          <StackTrace>   at QuinntyneBrownStudio.AcceptanceTests.ReckonerAccessTests.GivenServerCredentialsWhenExchangingThenOnlyAValidShortLivedTokenReachesTheBrowser(String mode, HttpStatusCode expected) in C:\projects\quinntyne-brown-studio\backend\tests\QuinntyneBrownStudio.AcceptanceTests\ReckonerAccessTests.cs:line 49&#xD;
--- End of stack trace from previous location ---</StackTrace>
        </ErrorInfo>
      </Output>
    </UnitTestResult>
    <UnitTestResult executionId="621af840-9264-4b2c-9f4b-51432a43e95e" testId="942d7de8-0c84-6e63-acf1-a72cd9dee8d3" testName="QuinntyneBrownStudio.AcceptanceTests.ReckonerAccessTests.GivenNoAdministratorWhenMintingThenAccessIsDenied(role: &quot;Client&quot;, expected: Forbidden)" computerName="M5" duration="00:00:01.2167844" startTime="2026-09-07T16:56:56.9012157-04:00" endTime="2026-09-07T16:56:58.1282245-04:00" testType="13cdc9d9-ddb5-4fa4-a97d-d965ccfc6d4b" outcome="Failed" testListId="8c84fa94-04c1-424b-9868-57a2d4851a1d" relativeResultsDirectory="621af840-9264-4b2c-9f4b-51432a43e95e">
      <Output>
        <ErrorInfo>
          <Message>Assert.Equal() Failure: Values differ&#xD;
Expected: Forbidden&#xD;
Actual:   NotFound</Message>
          <StackTrace>   at QuinntyneBrownStudio.AcceptanceTests.ReckonerAccessTests.GivenNoAdministratorWhenMintingThenAccessIsDenied(String role, HttpStatusCode expected) in C:\projects\quinntyne-brown-studio\backend\tests\QuinntyneBrownStudio.AcceptanceTests\ReckonerAccessTests.cs:line 19&#xD;
--- End of stack trace from previous location ---</StackTrace>
        </ErrorInfo>
      </Output>
    </UnitTestResult>
    <UnitTestResult executionId="67c65de2-a09a-461b-98fc-eb648487498d" testId="caca6051-8b9b-aed3-b7c6-44859cd72a36" testName="QuinntyneBrownStudio.AcceptanceTests.ReckonerAccessTests.GivenMissingConnectionSettingsWhenMintingThenTheAdministratorGetsAReadableUnavailableResponse" computerName="M5" duration="00:00:00.0765673" startTime="2026-09-07T16:56:58.1977534-04:00" endTime="2026-09-07T16:56:58.2738392-04:00" testType="13cdc9d9-ddb5-4fa4-a97d-d965ccfc6d4b" outcome="Failed" testListId="8c84fa94-04c1-424b-9868-57a2d4851a1d" relativeResultsDirectory="67c65de2-a09a-461b-98fc-eb648487498d">
      <Output>
        <ErrorInfo>
          <Message>Assert.Equal() Failure: Values differ&#xD;
Expected: ServiceUnavailable&#xD;
Actual:   NotFound</Message>
          <StackTrace>   at QuinntyneBrownStudio.AcceptanceTests.ReckonerAccessTests.GivenMissingConnectionSettingsWhenMintingThenTheAdministratorGetsAReadableUnavailableResponse() in C:\projects\quinntyne-brown-studio\backend\tests\QuinntyneBrownStudio.AcceptanceTests\ReckonerAccessTests.cs:line 69&#xD;
--- End of stack trace from previous location ---</StackTrace>
        </ErrorInfo>
      </Output>
    </UnitTestResult>
    <UnitTestResult executionId="351f991c-1a20-45e0-8891-1084f49a8939" testId="9865c434-6ca6-c166-d1f6-c18bcdf0cde6" testName="QuinntyneBrownStudio.AcceptanceTests.ReckonerAccessTests.GivenAnAdministratorWithoutAntiforgeryWhenMintingThenNoTokenIsIssued" computerName="M5" duration="00:00:00.0463702" startTime="2026-09-07T16:56:58.2745202-04:00" endTime="2026-09-07T16:56:58.3207320-04:00" testType="13cdc9d9-ddb5-4fa4-a97d-d965ccfc6d4b" outcome="Failed" testListId="8c84fa94-04c1-424b-9868-57a2d4851a1d" relativeResultsDirectory="351f991c-1a20-45e0-8891-1084f49a8939">
      <Output>
        <ErrorInfo>
          <Message>Assert.Equal() Failure: Values differ&#xD;
Expected: BadRequest&#xD;
Actual:   NotFound</Message>
          <StackTrace>   at QuinntyneBrownStudio.AcceptanceTests.ReckonerAccessTests.GivenAnAdministratorWithoutAntiforgeryWhenMintingThenNoTokenIsIssued() in C:\projects\quinntyne-brown-studio\backend\tests\QuinntyneBrownStudio.AcceptanceTests\ReckonerAccessTests.cs:line 27&#xD;
--- End of stack trace from previous location ---</StackTrace>
        </ErrorInfo>
      </Output>
    </UnitTestResult>
  </Results>
  <TestDefinitions>
    <UnitTest name="QuinntyneBrownStudio.AcceptanceTests.ReckonerAccessTests.GivenServerCredentialsWhenExchangingThenOnlyAValidShortLivedTokenReachesTheBrowser(mode: &quot;valid&quot;, expected: Created)" storage="c:\projects\quinntyne-brown-studio\backend\tests\quinntynebrownstudio.acceptancetests\bin\debug\net10.0\quinntynebrownstudio.acceptancetests.dll" id="9871b998-41e8-8ec9-3030-a1e8e3e99ead">
      <Execution id="9d6a3f97-1cb0-4adc-883d-e08f23fde8db" />
      <TestMethod codeBase="C:\projects\quinntyne-brown-studio\backend\tests\QuinntyneBrownStudio.AcceptanceTests\bin\Debug\net10.0\QuinntyneBrownStudio.AcceptanceTests.dll" adapterTypeName="executor://xunit/VsTestRunner3/netcore/" className="QuinntyneBrownStudio.AcceptanceTests.ReckonerAccessTests" name="GivenServerCredentialsWhenExchangingThenOnlyAValidShortLivedTokenReachesTheBrowser" />
    </UnitTest>
    <UnitTest name="QuinntyneBrownStudio.AcceptanceTests.ReckonerAccessTests.GivenServerCredentialsWhenExchangingThenOnlyAValidShortLivedTokenReachesTheBrowser(mode: &quot;malformed&quot;, expected: ServiceUnavailable)" storage="c:\projects\quinntyne-brown-studio\backend\tests\quinntynebrownstudio.acceptancetests\bin\debug\net10.0\quinntynebrownstudio.acceptancetests.dll" id="31011025-6add-8739-cc9b-247c7f00c11f">
      <Execution id="028a871f-40a5-417b-bd83-f0da741102c9" />
      <TestMethod codeBase="C:\projects\quinntyne-brown-studio\backend\tests\QuinntyneBrownStudio.AcceptanceTests\bin\Debug\net10.0\QuinntyneBrownStudio.AcceptanceTests.dll" adapterTypeName="executor://xunit/VsTestRunner3/netcore/" className="QuinntyneBrownStudio.AcceptanceTests.ReckonerAccessTests" name="GivenServerCredentialsWhenExchangingThenOnlyAValidShortLivedTokenReachesTheBrowser" />
    </UnitTest>
    <UnitTest name="QuinntyneBrownStudio.AcceptanceTests.ReckonerAccessTests.GivenServerCredentialsWhenExchangingThenOnlyAValidShortLivedTokenReachesTheBrowser(mode: &quot;denied&quot;, expected: ServiceUnavailable)" storage="c:\projects\quinntyne-brown-studio\backend\tests\quinntynebrownstudio.acceptancetests\bin\debug\net10.0\quinntynebrownstudio.acceptancetests.dll" id="ed8a5187-c300-3811-5bab-3606418bd91a">
      <Execution id="8118b07f-8901-4468-abe9-c0009a296ccf" />
      <TestMethod codeBase="C:\projects\quinntyne-brown-studio\backend\tests\QuinntyneBrownStudio.AcceptanceTests\bin\Debug\net10.0\QuinntyneBrownStudio.AcceptanceTests.dll" adapterTypeName="executor://xunit/VsTestRunner3/netcore/" className="QuinntyneBrownStudio.AcceptanceTests.ReckonerAccessTests" name="GivenServerCredentialsWhenExchangingThenOnlyAValidShortLivedTokenReachesTheBrowser" />
    </UnitTest>
    <UnitTest name="QuinntyneBrownStudio.AcceptanceTests.ReckonerAccessTests.GivenAnAdministratorWithoutAntiforgeryWhenMintingThenNoTokenIsIssued" storage="c:\projects\quinntyne-brown-studio\backend\tests\quinntynebrownstudio.acceptancetests\bin\debug\net10.0\quinntynebrownstudio.acceptancetests.dll" id="9865c434-6ca6-c166-d1f6-c18bcdf0cde6">
      <Execution id="351f991c-1a20-45e0-8891-1084f49a8939" />
      <TestMethod codeBase="C:\projects\quinntyne-brown-studio\backend\tests\QuinntyneBrownStudio.AcceptanceTests\bin\Debug\net10.0\QuinntyneBrownStudio.AcceptanceTests.dll" adapterTypeName="executor://xunit/VsTestRunner3/netcore/" className="QuinntyneBrownStudio.AcceptanceTests.ReckonerAccessTests" name="GivenAnAdministratorWithoutAntiforgeryWhenMintingThenNoTokenIsIssued" />
    </UnitTest>
    <UnitTest name="QuinntyneBrownStudio.AcceptanceTests.ReckonerAccessTests.GivenNoAdministratorWhenMintingThenAccessIsDenied(role: &quot;Client&quot;, expected: Forbidden)" storage="c:\projects\quinntyne-brown-studio\backend\tests\quinntynebrownstudio.acceptancetests\bin\debug\net10.0\quinntynebrownstudio.acceptancetests.dll" id="942d7de8-0c84-6e63-acf1-a72cd9dee8d3">
      <Execution id="621af840-9264-4b2c-9f4b-51432a43e95e" />
      <TestMethod codeBase="C:\projects\quinntyne-brown-studio\backend\tests\QuinntyneBrownStudio.AcceptanceTests\bin\Debug\net10.0\QuinntyneBrownStudio.AcceptanceTests.dll" adapterTypeName="executor://xunit/VsTestRunner3/netcore/" className="QuinntyneBrownStudio.AcceptanceTests.ReckonerAccessTests" name="GivenNoAdministratorWhenMintingThenAccessIsDenied" />
    </UnitTest>
    <UnitTest name="QuinntyneBrownStudio.AcceptanceTests.ReckonerAccessTests.GivenNoAdministratorWhenMintingThenAccessIsDenied(role: null, expected: Unauthorized)" storage="c:\projects\quinntyne-brown-studio\backend\tests\quinntynebrownstudio.acceptancetests\bin\debug\net10.0\quinntynebrownstudio.acceptancetests.dll" id="68341765-c503-603b-9b81-43a5016181ba">
      <Execution id="41f12eae-c1f4-42bc-b604-7a514e628501" />
      <TestMethod codeBase="C:\projects\quinntyne-brown-studio\backend\tests\QuinntyneBrownStudio.AcceptanceTests\bin\Debug\net10.0\QuinntyneBrownStudio.AcceptanceTests.dll" adapterTypeName="executor://xunit/VsTestRunner3/netcore/" className="QuinntyneBrownStudio.AcceptanceTests.ReckonerAccessTests" name="GivenNoAdministratorWhenMintingThenAccessIsDenied" />
    </UnitTest>
    <UnitTest name="QuinntyneBrownStudio.AcceptanceTests.ReckonerAccessTests.GivenMissingConnectionSettingsWhenMintingThenTheAdministratorGetsAReadableUnavailableResponse" storage="c:\projects\quinntyne-brown-studio\backend\tests\quinntynebrownstudio.acceptancetests\bin\debug\net10.0\quinntynebrownstudio.acceptancetests.dll" id="caca6051-8b9b-aed3-b7c6-44859cd72a36">
      <Execution id="67c65de2-a09a-461b-98fc-eb648487498d" />
      <TestMethod codeBase="C:\projects\quinntyne-brown-studio\backend\tests\QuinntyneBrownStudio.AcceptanceTests\bin\Debug\net10.0\QuinntyneBrownStudio.AcceptanceTests.dll" adapterTypeName="executor://xunit/VsTestRunner3/netcore/" className="QuinntyneBrownStudio.AcceptanceTests.ReckonerAccessTests" name="GivenMissingConnectionSettingsWhenMintingThenTheAdministratorGetsAReadableUnavailableResponse" />
    </UnitTest>
    <UnitTest name="QuinntyneBrownStudio.AcceptanceTests.ReckonerAccessTests.GivenServerCredentialsWhenExchangingThenOnlyAValidShortLivedTokenReachesTheBrowser(mode: &quot;expired&quot;, expected: ServiceUnavailable)" storage="c:\projects\quinntyne-brown-studio\backend\tests\quinntynebrownstudio.acceptancetests\bin\debug\net10.0\quinntynebrownstudio.acceptancetests.dll" id="71957f47-80a7-6b37-5c75-a4e91a006da8">
      <Execution id="f5373d3c-0df2-4347-9c4b-5d2f10678aad" />
      <TestMethod codeBase="C:\projects\quinntyne-brown-studio\backend\tests\QuinntyneBrownStudio.AcceptanceTests\bin\Debug\net10.0\QuinntyneBrownStudio.AcceptanceTests.dll" adapterTypeName="executor://xunit/VsTestRunner3/netcore/" className="QuinntyneBrownStudio.AcceptanceTests.ReckonerAccessTests" name="GivenServerCredentialsWhenExchangingThenOnlyAValidShortLivedTokenReachesTheBrowser" />
    </UnitTest>
  </TestDefinitions>
  <TestEntries>
    <TestEntry testId="9871b998-41e8-8ec9-3030-a1e8e3e99ead" executionId="9d6a3f97-1cb0-4adc-883d-e08f23fde8db" testListId="8c84fa94-04c1-424b-9868-57a2d4851a1d" />
    <TestEntry testId="68341765-c503-603b-9b81-43a5016181ba" executionId="41f12eae-c1f4-42bc-b604-7a514e628501" testListId="8c84fa94-04c1-424b-9868-57a2d4851a1d" />
    <TestEntry testId="ed8a5187-c300-3811-5bab-3606418bd91a" executionId="8118b07f-8901-4468-abe9-c0009a296ccf" testListId="8c84fa94-04c1-424b-9868-57a2d4851a1d" />
    <TestEntry testId="71957f47-80a7-6b37-5c75-a4e91a006da8" executionId="f5373d3c-0df2-4347-9c4b-5d2f10678aad" testListId="8c84fa94-04c1-424b-9868-57a2d4851a1d" />
    <TestEntry testId="31011025-6add-8739-cc9b-247c7f00c11f" executionId="028a871f-40a5-417b-bd83-f0da741102c9" testListId="8c84fa94-04c1-424b-9868-57a2d4851a1d" />
    <TestEntry testId="942d7de8-0c84-6e63-acf1-a72cd9dee8d3" executionId="621af840-9264-4b2c-9f4b-51432a43e95e" testListId="8c84fa94-04c1-424b-9868-57a2d4851a1d" />
    <TestEntry testId="caca6051-8b9b-aed3-b7c6-44859cd72a36" executionId="67c65de2-a09a-461b-98fc-eb648487498d" testListId="8c84fa94-04c1-424b-9868-57a2d4851a1d" />
    <TestEntry testId="9865c434-6ca6-c166-d1f6-c18bcdf0cde6" executionId="351f991c-1a20-45e0-8891-1084f49a8939" testListId="8c84fa94-04c1-424b-9868-57a2d4851a1d" />
  </TestEntries>
  <TestLists>
    <TestList name="Results Not in a List" id="8c84fa94-04c1-424b-9868-57a2d4851a1d" />
    <TestList name="All Loaded Results" id="19431567-8539-422a-85d7-44ee4e166bda" />
  </TestLists>
  <ResultSummary outcome="Failed">
    <Counters total="8" executed="8" passed="0" failed="8" error="0" timeout="0" aborted="0" inconclusive="0" passedButRunAborted="0" notRunnable="0" notExecuted="0" disconnected="0" warning="0" completed="0" inProgress="0" pending="0" />
    <Output>
      <StdOut>[xUnit.net 00:00:00.00] xUnit.net VSTest Adapter v3.1.4+50e68bbb8b (64-bit .NET 10.0.11)&#xD;
[xUnit.net 00:00:00.60]   Discovering: QuinntyneBrownStudio.AcceptanceTests&#xD;
[xUnit.net 00:00:00.65]   Discovered:  QuinntyneBrownStudio.AcceptanceTests&#xD;
[xUnit.net 00:00:00.67]   Starting:    QuinntyneBrownStudio.AcceptanceTests&#xD;
info: Microsoft.EntityFrameworkCore.Update[30100]&#xD;
      Saved 0 entities to in-memory store.&#xD;
info: Microsoft.EntityFrameworkCore.Update[30100]&#xD;
      Saved 1 entities to in-memory store.&#xD;
info: Microsoft.EntityFrameworkCore.Update[30100]&#xD;
      Saved 1 entities to in-memory store.&#xD;
info: Microsoft.Hosting.Lifetime[0]&#xD;
      Application started. Press Ctrl+C to shut down.&#xD;
info: Microsoft.Hosting.Lifetime[0]&#xD;
      Hosting environment: Testing&#xD;
info: Microsoft.Hosting.Lifetime[0]&#xD;
      Content root path: C:\projects\quinntyne-brown-studio\backend\src\QuinntyneBrownStudio.Api&#xD;
info: Microsoft.Hosting.Lifetime[0]&#xD;
      Application is shutting down...&#xD;
[xUnit.net 00:00:01.91]       Assert.Equal() Failure: Values differ&#xD;
[xUnit.net 00:00:01.91]       Expected: Forbidden&#xD;
[xUnit.net 00:00:01.91]       Actual:   NotFound&#xD;
[xUnit.net 00:00:01.91]       Stack Trace:&#xD;
[xUnit.net 00:00:01.91]         C:\projects\quinntyne-brown-studio\backend\tests\QuinntyneBrownStudio.AcceptanceTests\ReckonerAccessTests.cs(19,0): at QuinntyneBrownStudio.AcceptanceTests.ReckonerAccessTests.GivenNoAdministratorWhenMintingThenAccessIsDenied(String role, HttpStatusCode expected)&#xD;
[xUnit.net 00:00:01.91]         --- End of stack trace from previous location ---&#xD;
info: Microsoft.EntityFrameworkCore.Update[30100]&#xD;
      Saved 0 entities to in-memory store.&#xD;
info: Microsoft.EntityFrameworkCore.Update[30100]&#xD;
      Saved 1 entities to in-memory store.&#xD;
info: Microsoft.EntityFrameworkCore.Update[30100]&#xD;
      Saved 1 entities to in-memory store.&#xD;
info: Microsoft.Hosting.Lifetime[0]&#xD;
      Application started. Press Ctrl+C to shut down.&#xD;
info: Microsoft.Hosting.Lifetime[0]&#xD;
      Hosting environment: Testing&#xD;
info: Microsoft.Hosting.Lifetime[0]&#xD;
      Content root path: C:\projects\quinntyne-brown-studio\backend\src\QuinntyneBrownStudio.Api&#xD;
info: Microsoft.Hosting.Lifetime[0]&#xD;
      Application is shutting down...&#xD;
[xUnit.net 00:00:01.98]       Assert.Equal() Failure: Values differ&#xD;
[xUnit.net 00:00:01.98]       Expected: Unauthorized&#xD;
[xUnit.net 00:00:01.98]       Actual:   NotFound&#xD;
[xUnit.net 00:00:01.98]       Stack Trace:&#xD;
[xUnit.net 00:00:01.98]         C:\projects\quinntyne-brown-studio\backend\tests\QuinntyneBrownStudio.AcceptanceTests\ReckonerAccessTests.cs(19,0): at QuinntyneBrownStudio.AcceptanceTests.ReckonerAccessTests.GivenNoAdministratorWhenMintingThenAccessIsDenied(String role, HttpStatusCode expected)&#xD;
[xUnit.net 00:00:01.98]         --- End of stack trace from previous location ---&#xD;
info: Microsoft.EntityFrameworkCore.Update[30100]&#xD;
      Saved 0 entities to in-memory store.&#xD;
info: Microsoft.EntityFrameworkCore.Update[30100]&#xD;
      Saved 1 entities to in-memory store.&#xD;
info: Microsoft.EntityFrameworkCore.Update[30100]&#xD;
      Saved 1 entities to in-memory store.&#xD;
info: Microsoft.Hosting.Lifetime[0]&#xD;
      Application started. Press Ctrl+C to shut down.&#xD;
info: Microsoft.Hosting.Lifetime[0]&#xD;
      Hosting environment: Testing&#xD;
info: Microsoft.Hosting.Lifetime[0]&#xD;
      Content root path: C:\projects\quinntyne-brown-studio\backend\src\QuinntyneBrownStudio.Api&#xD;
info: Microsoft.Hosting.Lifetime[0]&#xD;
      Application is shutting down...&#xD;
[xUnit.net 00:00:02.06]       Assert.Equal() Failure: Values differ&#xD;
[xUnit.net 00:00:02.06]       Expected: ServiceUnavailable&#xD;
[xUnit.net 00:00:02.06]       Actual:   NotFound&#xD;
[xUnit.net 00:00:02.06]       Stack Trace:&#xD;
[xUnit.net 00:00:02.06]         C:\projects\quinntyne-brown-studio\backend\tests\QuinntyneBrownStudio.AcceptanceTests\ReckonerAccessTests.cs(69,0): at QuinntyneBrownStudio.AcceptanceTests.ReckonerAccessTests.GivenMissingConnectionSettingsWhenMintingThenTheAdministratorGetsAReadableUnavailableResponse()&#xD;
[xUnit.net 00:00:02.06]         --- End of stack trace from previous location ---&#xD;
info: Microsoft.EntityFrameworkCore.Update[30100]&#xD;
      Saved 0 entities to in-memory store.&#xD;
info: Microsoft.EntityFrameworkCore.Update[30100]&#xD;
      Saved 1 entities to in-memory store.&#xD;
info: Microsoft.EntityFrameworkCore.Update[30100]&#xD;
      Saved 1 entities to in-memory store.&#xD;
info: Microsoft.Hosting.Lifetime[0]&#xD;
      Application started. Press Ctrl+C to shut down.&#xD;
info: Microsoft.Hosting.Lifetime[0]&#xD;
      Hosting environment: Testing&#xD;
info: Microsoft.Hosting.Lifetime[0]&#xD;
      Content root path: C:\projects\quinntyne-brown-studio\backend\src\QuinntyneBrownStudio.Api&#xD;
info: Microsoft.Hosting.Lifetime[0]&#xD;
      Application is shutting down...&#xD;
[xUnit.net 00:00:02.10]       Assert.Equal() Failure: Values differ&#xD;
[xUnit.net 00:00:02.10]       Expected: BadRequest&#xD;
[xUnit.net 00:00:02.10]       Actual:   NotFound&#xD;
[xUnit.net 00:00:02.10]       Stack Trace:&#xD;
[xUnit.net 00:00:02.10]         C:\projects\quinntyne-brown-studio\backend\tests\QuinntyneBrownStudio.AcceptanceTests\ReckonerAccessTests.cs(27,0): at QuinntyneBrownStudio.AcceptanceTests.ReckonerAccessTests.GivenAnAdministratorWithoutAntiforgeryWhenMintingThenNoTokenIsIssued()&#xD;
[xUnit.net 00:00:02.10]         --- End of stack trace from previous location ---&#xD;
info: Microsoft.EntityFrameworkCore.Update[30100]&#xD;
      Saved 0 entities to in-memory store.&#xD;
info: Microsoft.EntityFrameworkCore.Update[30100]&#xD;
      Saved 1 entities to in-memory store.&#xD;
info: Microsoft.EntityFrameworkCore.Update[30100]&#xD;
      Saved 1 entities to in-memory store.&#xD;
info: Microsoft.Hosting.Lifetime[0]&#xD;
      Application started. Press Ctrl+C to shut down.&#xD;
info: Microsoft.Hosting.Lifetime[0]&#xD;
      Hosting environment: Testing&#xD;
info: Microsoft.Hosting.Lifetime[0]&#xD;
      Content root path: C:\projects\quinntyne-brown-studio\backend\src\QuinntyneBrownStudio.Api&#xD;
info: Microsoft.Hosting.Lifetime[0]&#xD;
      Application is shutting down...&#xD;
[xUnit.net 00:00:02.15]       Assert.Equal() Failure: Values differ&#xD;
[xUnit.net 00:00:02.15]       Expected: Created&#xD;
[xUnit.net 00:00:02.15]       Actual:   NotFound&#xD;
[xUnit.net 00:00:02.15]       Stack Trace:&#xD;
[xUnit.net 00:00:02.15]         C:\projects\quinntyne-brown-studio\backend\tests\QuinntyneBrownStudio.AcceptanceTests\ReckonerAccessTests.cs(49,0): at QuinntyneBrownStudio.AcceptanceTests.ReckonerAccessTests.GivenServerCredentialsWhenExchangingThenOnlyAValidShortLivedTokenReachesTheBrowser(String mode, HttpStatusCode expected)&#xD;
[xUnit.net 00:00:02.15]         --- End of stack trace from previous location ---&#xD;
info: Microsoft.EntityFrameworkCore.Update[30100]&#xD;
      Saved 0 entities to in-memory store.&#xD;
info: Microsoft.EntityFrameworkCore.Update[30100]&#xD;
      Saved 1 entities to in-memory store.&#xD;
info: Microsoft.EntityFrameworkCore.Update[30100]&#xD;
      Saved 1 entities to in-memory store.&#xD;
info: Microsoft.Hosting.Lifetime[0]&#xD;
      Application started. Press Ctrl+C to shut down.&#xD;
info: Microsoft.Hosting.Lifetime[0]&#xD;
      Hosting environment: Testing&#xD;
info: Microsoft.Hosting.Lifetime[0]&#xD;
      Content root path: C:\projects\quinntyne-brown-studio\backend\src\QuinntyneBrownStudio.Api&#xD;
info: Microsoft.Hosting.Lifetime[0]&#xD;
      Application is shutting down...&#xD;
[xUnit.net 00:00:02.19]       Assert.Equal() Failure: Values differ&#xD;
[xUnit.net 00:00:02.19]       Expected: ServiceUnavailable&#xD;
[xUnit.net 00:00:02.19]       Actual:   NotFound&#xD;
[xUnit.net 00:00:02.20]       Stack Trace:&#xD;
[xUnit.net 00:00:02.20]         C:\projects\quinntyne-brown-studio\backend\tests\QuinntyneBrownStudio.AcceptanceTests\ReckonerAccessTests.cs(49,0): at QuinntyneBrownStudio.AcceptanceTests.ReckonerAccessTests.GivenServerCredentialsWhenExchangingThenOnlyAValidShortLivedTokenReachesTheBrowser(String mode, HttpStatusCode expected)&#xD;
[xUnit.net 00:00:02.20]         --- End of stack trace from previous location ---&#xD;
info: Microsoft.EntityFrameworkCore.Update[30100]&#xD;
      Saved 0 entities to in-memory store.&#xD;
info: Microsoft.EntityFrameworkCore.Update[30100]&#xD;
      Saved 1 entities to in-memory store.&#xD;
info: Microsoft.EntityFrameworkCore.Update[30100]&#xD;
      Saved 1 entities to in-memory store.&#xD;
info: Microsoft.Hosting.Lifetime[0]&#xD;
      Application started. Press Ctrl+C to shut down.&#xD;
info: Microsoft.Hosting.Lifetime[0]&#xD;
      Hosting environment: Testing&#xD;
info: Microsoft.Hosting.Lifetime[0]&#xD;
      Content root path: C:\projects\quinntyne-brown-studio\backend\src\QuinntyneBrownStudio.Api&#xD;
info: Microsoft.Hosting.Lifetime[0]&#xD;
      Application is shutting down...&#xD;
[xUnit.net 00:00:02.27]       Assert.Equal() Failure: Values differ&#xD;
[xUnit.net 00:00:02.27]       Expected: ServiceUnavailable&#xD;
[xUnit.net 00:00:02.27]       Actual:   NotFound&#xD;
[xUnit.net 00:00:02.27]       Stack Trace:&#xD;
[xUnit.net 00:00:02.27]         C:\projects\quinntyne-brown-studio\backend\tests\QuinntyneBrownStudio.AcceptanceTests\ReckonerAccessTests.cs(49,0): at QuinntyneBrownStudio.AcceptanceTests.ReckonerAccessTests.GivenServerCredentialsWhenExchangingThenOnlyAValidShortLivedTokenReachesTheBrowser(String mode, HttpStatusCode expected)&#xD;
[xUnit.net 00:00:02.27]         --- End of stack trace from previous location ---&#xD;
info: Microsoft.EntityFrameworkCore.Update[30100]&#xD;
      Saved 0 entities to in-memory store.&#xD;
info: Microsoft.EntityFrameworkCore.Update[30100]&#xD;
      Saved 1 entities to in-memory store.&#xD;
info: Microsoft.EntityFrameworkCore.Update[30100]&#xD;
      Saved 1 entities to in-memory store.&#xD;
info: Microsoft.Hosting.Lifetime[0]&#xD;
      Application started. Press Ctrl+C to shut down.&#xD;
info: Microsoft.Hosting.Lifetime[0]&#xD;
      Hosting environment: Testing&#xD;
info: Microsoft.Hosting.Lifetime[0]&#xD;
      Content root path: C:\projects\quinntyne-brown-studio\backend\src\QuinntyneBrownStudio.Api&#xD;
info: Microsoft.Hosting.Lifetime[0]&#xD;
      Application is shutting down...&#xD;
[xUnit.net 00:00:02.34]       Assert.Equal() Failure: Values differ&#xD;
[xUnit.net 00:00:02.34]       Expected: ServiceUnavailable&#xD;
[xUnit.net 00:00:02.34]       Actual:   NotFound&#xD;
[xUnit.net 00:00:02.34]       Stack Trace:&#xD;
[xUnit.net 00:00:02.34]         C:\projects\quinntyne-brown-studio\backend\tests\QuinntyneBrownStudio.AcceptanceTests\ReckonerAccessTests.cs(49,0): at QuinntyneBrownStudio.AcceptanceTests.ReckonerAccessTests.GivenServerCredentialsWhenExchangingThenOnlyAValidShortLivedTokenReachesTheBrowser(String mode, HttpStatusCode expected)&#xD;
[xUnit.net 00:00:02.34]         --- End of stack trace from previous location ---&#xD;
[xUnit.net 00:00:02.34]   Finished:    QuinntyneBrownStudio.AcceptanceTests&#xD;
</StdOut>
    </Output>
    <RunInfos>
      <RunInfo computerName="M5" outcome="Error" timestamp="2026-09-07T16:56:58.1301256-04:00">
        <Text>[xUnit.net 00:00:01.91]     QuinntyneBrownStudio.AcceptanceTests.ReckonerAccessTests.GivenNoAdministratorWhenMintingThenAccessIsDenied(role: "Client", expected: Forbidden) [FAIL]</Text>
      </RunInfo>
      <RunInfo computerName="M5" outcome="Error" timestamp="2026-09-07T16:56:58.1966480-04:00">
        <Text>[xUnit.net 00:00:01.98]     QuinntyneBrownStudio.AcceptanceTests.ReckonerAccessTests.GivenNoAdministratorWhenMintingThenAccessIsDenied(role: null, expected: Unauthorized) [FAIL]</Text>
      </RunInfo>
      <RunInfo computerName="M5" outcome="Error" timestamp="2026-09-07T16:56:58.2742130-04:00">
        <Text>[xUnit.net 00:00:02.06]     QuinntyneBrownStudio.AcceptanceTests.ReckonerAccessTests.GivenMissingConnectionSettingsWhenMintingThenTheAdministratorGetsAReadableUnavailableResponse [FAIL]</Text>
      </RunInfo>
      <RunInfo computerName="M5" outcome="Error" timestamp="2026-09-07T16:56:58.3210198-04:00">
        <Text>[xUnit.net 00:00:02.10]     QuinntyneBrownStudio.AcceptanceTests.ReckonerAccessTests.GivenAnAdministratorWithoutAntiforgeryWhenMintingThenNoTokenIsIssued [FAIL]</Text>
      </RunInfo>
      <RunInfo computerName="M5" outcome="Error" timestamp="2026-09-07T16:56:58.3674945-04:00">
        <Text>[xUnit.net 00:00:02.15]     QuinntyneBrownStudio.AcceptanceTests.ReckonerAccessTests.GivenServerCredentialsWhenExchangingThenOnlyAValidShortLivedTokenReachesTheBrowser(mode: "valid", expected: Created) [FAIL]</Text>
      </RunInfo>
      <RunInfo computerName="M5" outcome="Error" timestamp="2026-09-07T16:56:58.4090017-04:00">
        <Text>[xUnit.net 00:00:02.19]     QuinntyneBrownStudio.AcceptanceTests.ReckonerAccessTests.GivenServerCredentialsWhenExchangingThenOnlyAValidShortLivedTokenReachesTheBrowser(mode: "denied", expected: ServiceUnavailable) [FAIL]</Text>
      </RunInfo>
      <RunInfo computerName="M5" outcome="Error" timestamp="2026-09-07T16:56:58.4914901-04:00">
        <Text>[xUnit.net 00:00:02.27]     QuinntyneBrownStudio.AcceptanceTests.ReckonerAccessTests.GivenServerCredentialsWhenExchangingThenOnlyAValidShortLivedTokenReachesTheBrowser(mode: "expired", expected: ServiceUnavailable) [FAIL]</Text>
      </RunInfo>
      <RunInfo computerName="M5" outcome="Error" timestamp="2026-09-07T16:56:58.5545144-04:00">
        <Text>[xUnit.net 00:00:02.34]     QuinntyneBrownStudio.AcceptanceTests.ReckonerAccessTests.GivenServerCredentialsWhenExchangingThenOnlyAValidShortLivedTokenReachesTheBrowser(mode: "malformed", expected: ServiceUnavailable) [FAIL]</Text>
      </RunInfo>
    </RunInfos>
  </ResultSummary>
</TestRun>